2021-05-14 20:49:59,967 - io.netty.util.internal.logging.InternalLoggerFactory -DEBUG - Using Log4J as the default logging framework
2021-05-14 20:49:59,967 [main] DEBUG io.netty.util.internal.logging.InternalLoggerFactory - Using Log4J as the default logging framework
2021-05-14 20:49:59,973 - io.netty.util.ResourceLeakDetector -DEBUG - -Dio.netty.leakDetection.level: simple
2021-05-14 20:49:59,973 [main] DEBUG io.netty.util.ResourceLeakDetector - -Dio.netty.leakDetection.level: simple
2021-05-14 20:49:59,973 - io.netty.util.ResourceLeakDetector -DEBUG - -Dio.netty.leakDetection.targetRecords: 4
2021-05-14 20:49:59,973 [main] DEBUG io.netty.util.ResourceLeakDetector - -Dio.netty.leakDetection.targetRecords: 4
2021-05-14 20:50:00,268 - io.netty.util.ResourceLeakDetectorFactory -DEBUG - Loaded default ResourceLeakDetector: io.netty.util.ResourceLeakDetector@3e8c3cb
2021-05-14 20:50:00,268 [main] DEBUG io.netty.util.ResourceLeakDetectorFactory - Loaded default ResourceLeakDetector: io.netty.util.ResourceLeakDetector@3e8c3cb
2021-05-14 20:50:00,301 - io.netty.util.internal.PlatformDependent -DEBUG - Platform: Windows
2021-05-14 20:50:00,301 [main] DEBUG io.netty.util.internal.PlatformDependent - Platform: Windows
2021-05-14 20:50:00,304 - io.netty.util.internal.PlatformDependent0 -DEBUG - -Dio.netty.noUnsafe: false
2021-05-14 20:50:00,304 [main] DEBUG io.netty.util.internal.PlatformDependent0 - -Dio.netty.noUnsafe: false
2021-05-14 20:50:00,304 - io.netty.util.internal.PlatformDependent0 -DEBUG - Java version: 14
2021-05-14 20:50:00,304 [main] DEBUG io.netty.util.internal.PlatformDependent0 - Java version: 14
2021-05-14 20:50:00,305 - io.netty.util.internal.PlatformDependent0 -DEBUG - sun.misc.Unsafe.theUnsafe: available
2021-05-14 20:50:00,305 [main] DEBUG io.netty.util.internal.PlatformDependent0 - sun.misc.Unsafe.theUnsafe: available
2021-05-14 20:50:00,306 - io.netty.util.internal.PlatformDependent0 -DEBUG - sun.misc.Unsafe.copyMemory: available
2021-05-14 20:50:00,306 [main] DEBUG io.netty.util.internal.PlatformDependent0 - sun.misc.Unsafe.copyMemory: available
2021-05-14 20:50:00,306 - io.netty.util.internal.PlatformDependent0 -DEBUG - java.nio.Buffer.address: available
2021-05-14 20:50:00,306 [main] DEBUG io.netty.util.internal.PlatformDependent0 - java.nio.Buffer.address: available
2021-05-14 20:50:00,307 - io.netty.util.internal.PlatformDependent0 -DEBUG - direct buffer constructor: unavailable
java.lang.UnsupportedOperationException: Reflective setAccessible(true) disabled
	at io.netty.util.internal.ReflectionUtil.trySetAccessible(ReflectionUtil.java:31)
	at io.netty.util.internal.PlatformDependent0$4.run(PlatformDependent0.java:238)
	at java.base/java.security.AccessController.doPrivileged(AccessController.java:312)
	at io.netty.util.internal.PlatformDependent0.<clinit>(PlatformDependent0.java:232)
	at io.netty.util.internal.PlatformDependent.isAndroid(PlatformDependent.java:293)
	at io.netty.util.internal.PlatformDependent.<clinit>(PlatformDependent.java:92)
	at io.netty.util.HashedWheelTimer.<init>(HashedWheelTimer.java:109)
	at io.netty.util.HashedWheelTimer.<init>(HashedWheelTimer.java:218)
	at io.netty.util.HashedWheelTimer.<init>(HashedWheelTimer.java:197)
	at org.asynchttpclient.DefaultAsyncHttpClient.newNettyTimer(DefaultAsyncHttpClient.java:111)
	at org.asynchttpclient.DefaultAsyncHttpClient.<init>(DefaultAsyncHttpClient.java:90)
	at org.asynchttpclient.Dsl.asyncHttpClient(Dsl.java:32)
	at org.openqa.selenium.remote.http.netty.NettyClient.<clinit>(NettyClient.java:42)
	at org.openqa.selenium.remote.http.netty.NettyClient$Factory.createClient(NettyClient.java:107)
	at org.openqa.selenium.remote.http.HttpClient$Factory.createClient(HttpClient.java:80)
	at org.openqa.selenium.remote.HttpCommandExecutor.<init>(HttpCommandExecutor.java:90)
	at org.openqa.selenium.remote.HttpCommandExecutor.<init>(HttpCommandExecutor.java:73)
	at org.openqa.selenium.remote.service.DriverCommandExecutor.<init>(DriverCommandExecutor.java:67)
	at org.openqa.selenium.chromium.ChromiumDriverCommandExecutor.<init>(ChromiumDriverCommandExecutor.java:78)
	at org.openqa.selenium.chrome.ChromeDriver.<init>(ChromeDriver.java:163)
	at org.openqa.selenium.chrome.ChromeDriver.<init>(ChromeDriver.java:150)
	at org.openqa.selenium.chrome.ChromeDriver.<init>(ChromeDriver.java:105)
	at org.shaaditest.resources.Base.initDriver(Base.java:43)
	at org.shaaditest.maven.GujaratishaadiRegistrationTest.initBrowser(GujaratishaadiRegistrationTest.java:30)
	at java.base/jdk.internal.reflect.NativeMethodAccessorImpl.invoke0(Native Method)
	at java.base/jdk.internal.reflect.NativeMethodAccessorImpl.invoke(NativeMethodAccessorImpl.java:62)
	at java.base/jdk.internal.reflect.DelegatingMethodAccessorImpl.invoke(DelegatingMethodAccessorImpl.java:43)
	at java.base/java.lang.reflect.Method.invoke(Method.java:564)
	at org.testng.internal.MethodInvocationHelper.invokeMethod(MethodInvocationHelper.java:135)
	at org.testng.internal.MethodInvocationHelper.invokeMethodConsideringTimeout(MethodInvocationHelper.java:64)
	at org.testng.internal.ConfigInvoker.invokeConfigurationMethod(ConfigInvoker.java:364)
	at org.testng.internal.ConfigInvoker.invokeConfigurations(ConfigInvoker.java:318)
	at org.testng.TestRunner.invokeTestConfigurations(TestRunner.java:620)
	at org.testng.TestRunner.beforeRun(TestRunner.java:610)
	at org.testng.TestRunner.run(TestRunner.java:581)
	at org.testng.SuiteRunner.runTest(SuiteRunner.java:384)
	at org.testng.SuiteRunner.runSequentially(SuiteRunner.java:378)
	at org.testng.SuiteRunner.privateRun(SuiteRunner.java:337)
	at org.testng.SuiteRunner.run(SuiteRunner.java:286)
	at org.testng.SuiteRunnerWorker.runSuite(SuiteRunnerWorker.java:53)
	at org.testng.SuiteRunnerWorker.run(SuiteRunnerWorker.java:96)
	at org.testng.TestNG.runSuitesSequentially(TestNG.java:1214)
	at org.testng.TestNG.runSuitesLocally(TestNG.java:1136)
	at org.testng.TestNG.runSuites(TestNG.java:1066)
	at org.testng.TestNG.run(TestNG.java:1034)
	at org.testng.remote.AbstractRemoteTestNG.run(AbstractRemoteTestNG.java:115)
	at org.testng.remote.RemoteTestNG.initAndRun(RemoteTestNG.java:251)
	at org.testng.remote.RemoteTestNG.main(RemoteTestNG.java:77)
2021-05-14 20:50:00,307 [main] DEBUG io.netty.util.internal.PlatformDependent0 - direct buffer constructor: unavailable
java.lang.UnsupportedOperationException: Reflective setAccessible(true) disabled
	at io.netty.util.internal.ReflectionUtil.trySetAccessible(ReflectionUtil.java:31)
	at io.netty.util.internal.PlatformDependent0$4.run(PlatformDependent0.java:238)
	at java.base/java.security.AccessController.doPrivileged(AccessController.java:312)
	at io.netty.util.internal.PlatformDependent0.<clinit>(PlatformDependent0.java:232)
	at io.netty.util.internal.PlatformDependent.isAndroid(PlatformDependent.java:293)
	at io.netty.util.internal.PlatformDependent.<clinit>(PlatformDependent.java:92)
	at io.netty.util.HashedWheelTimer.<init>(HashedWheelTimer.java:109)
	at io.netty.util.HashedWheelTimer.<init>(HashedWheelTimer.java:218)
	at io.netty.util.HashedWheelTimer.<init>(HashedWheelTimer.java:197)
	at org.asynchttpclient.DefaultAsyncHttpClient.newNettyTimer(DefaultAsyncHttpClient.java:111)
	at org.asynchttpclient.DefaultAsyncHttpClient.<init>(DefaultAsyncHttpClient.java:90)
	at org.asynchttpclient.Dsl.asyncHttpClient(Dsl.java:32)
	at org.openqa.selenium.remote.http.netty.NettyClient.<clinit>(NettyClient.java:42)
	at org.openqa.selenium.remote.http.netty.NettyClient$Factory.createClient(NettyClient.java:107)
	at org.openqa.selenium.remote.http.HttpClient$Factory.createClient(HttpClient.java:80)
	at org.openqa.selenium.remote.HttpCommandExecutor.<init>(HttpCommandExecutor.java:90)
	at org.openqa.selenium.remote.HttpCommandExecutor.<init>(HttpCommandExecutor.java:73)
	at org.openqa.selenium.remote.service.DriverCommandExecutor.<init>(DriverCommandExecutor.java:67)
	at org.openqa.selenium.chromium.ChromiumDriverCommandExecutor.<init>(ChromiumDriverCommandExecutor.java:78)
	at org.openqa.selenium.chrome.ChromeDriver.<init>(ChromeDriver.java:163)
	at org.openqa.selenium.chrome.ChromeDriver.<init>(ChromeDriver.java:150)
	at org.openqa.selenium.chrome.ChromeDriver.<init>(ChromeDriver.java:105)
	at org.shaaditest.resources.Base.initDriver(Base.java:43)
	at org.shaaditest.maven.GujaratishaadiRegistrationTest.initBrowser(GujaratishaadiRegistrationTest.java:30)
	at java.base/jdk.internal.reflect.NativeMethodAccessorImpl.invoke0(Native Method)
	at java.base/jdk.internal.reflect.NativeMethodAccessorImpl.invoke(NativeMethodAccessorImpl.java:62)
	at java.base/jdk.internal.reflect.DelegatingMethodAccessorImpl.invoke(DelegatingMethodAccessorImpl.java:43)
	at java.base/java.lang.reflect.Method.invoke(Method.java:564)
	at org.testng.internal.MethodInvocationHelper.invokeMethod(MethodInvocationHelper.java:135)
	at org.testng.internal.MethodInvocationHelper.invokeMethodConsideringTimeout(MethodInvocationHelper.java:64)
	at org.testng.internal.ConfigInvoker.invokeConfigurationMethod(ConfigInvoker.java:364)
	at org.testng.internal.ConfigInvoker.invokeConfigurations(ConfigInvoker.java:318)
	at org.testng.TestRunner.invokeTestConfigurations(TestRunner.java:620)
	at org.testng.TestRunner.beforeRun(TestRunner.java:610)
	at org.testng.TestRunner.run(TestRunner.java:581)
	at org.testng.SuiteRunner.runTest(SuiteRunner.java:384)
	at org.testng.SuiteRunner.runSequentially(SuiteRunner.java:378)
	at org.testng.SuiteRunner.privateRun(SuiteRunner.java:337)
	at org.testng.SuiteRunner.run(SuiteRunner.java:286)
	at org.testng.SuiteRunnerWorker.runSuite(SuiteRunnerWorker.java:53)
	at org.testng.SuiteRunnerWorker.run(SuiteRunnerWorker.java:96)
	at org.testng.TestNG.runSuitesSequentially(TestNG.java:1214)
	at org.testng.TestNG.runSuitesLocally(TestNG.java:1136)
	at org.testng.TestNG.runSuites(TestNG.java:1066)
	at org.testng.TestNG.run(TestNG.java:1034)
	at org.testng.remote.AbstractRemoteTestNG.run(AbstractRemoteTestNG.java:115)
	at org.testng.remote.RemoteTestNG.initAndRun(RemoteTestNG.java:251)
	at org.testng.remote.RemoteTestNG.main(RemoteTestNG.java:77)
2021-05-14 20:50:00,312 - io.netty.util.internal.PlatformDependent0 -DEBUG - java.nio.Bits.unaligned: available, true
2021-05-14 20:50:00,312 [main] DEBUG io.netty.util.internal.PlatformDependent0 - java.nio.Bits.unaligned: available, true
2021-05-14 20:50:00,313 - io.netty.util.internal.PlatformDependent0 -DEBUG - jdk.internal.misc.Unsafe.allocateUninitializedArray(int): unavailable
java.lang.IllegalAccessException: class io.netty.util.internal.PlatformDependent0$6 cannot access class jdk.internal.misc.Unsafe (in module java.base) because module java.base does not export jdk.internal.misc to unnamed module @6f10d5b6
	at java.base/jdk.internal.reflect.Reflection.newIllegalAccessException(Reflection.java:376)
	at java.base/java.lang.reflect.AccessibleObject.checkAccess(AccessibleObject.java:647)
	at java.base/java.lang.reflect.Method.invoke(Method.java:556)
	at io.netty.util.internal.PlatformDependent0$6.run(PlatformDependent0.java:352)
	at java.base/java.security.AccessController.doPrivileged(AccessController.java:312)
	at io.netty.util.internal.PlatformDependent0.<clinit>(PlatformDependent0.java:343)
	at io.netty.util.internal.PlatformDependent.isAndroid(PlatformDependent.java:293)
	at io.netty.util.internal.PlatformDependent.<clinit>(PlatformDependent.java:92)
	at io.netty.util.HashedWheelTimer.<init>(HashedWheelTimer.java:109)
	at io.netty.util.HashedWheelTimer.<init>(HashedWheelTimer.java:218)
	at io.netty.util.HashedWheelTimer.<init>(HashedWheelTimer.java:197)
	at org.asynchttpclient.DefaultAsyncHttpClient.newNettyTimer(DefaultAsyncHttpClient.java:111)
	at org.asynchttpclient.DefaultAsyncHttpClient.<init>(DefaultAsyncHttpClient.java:90)
	at org.asynchttpclient.Dsl.asyncHttpClient(Dsl.java:32)
	at org.openqa.selenium.remote.http.netty.NettyClient.<clinit>(NettyClient.java:42)
	at org.openqa.selenium.remote.http.netty.NettyClient$Factory.createClient(NettyClient.java:107)
	at org.openqa.selenium.remote.http.HttpClient$Factory.createClient(HttpClient.java:80)
	at org.openqa.selenium.remote.HttpCommandExecutor.<init>(HttpCommandExecutor.java:90)
	at org.openqa.selenium.remote.HttpCommandExecutor.<init>(HttpCommandExecutor.java:73)
	at org.openqa.selenium.remote.service.DriverCommandExecutor.<init>(DriverCommandExecutor.java:67)
	at org.openqa.selenium.chromium.ChromiumDriverCommandExecutor.<init>(ChromiumDriverCommandExecutor.java:78)
	at org.openqa.selenium.chrome.ChromeDriver.<init>(ChromeDriver.java:163)
	at org.openqa.selenium.chrome.ChromeDriver.<init>(ChromeDriver.java:150)
	at org.openqa.selenium.chrome.ChromeDriver.<init>(ChromeDriver.java:105)
	at org.shaaditest.resources.Base.initDriver(Base.java:43)
	at org.shaaditest.maven.GujaratishaadiRegistrationTest.initBrowser(GujaratishaadiRegistrationTest.java:30)
	at java.base/jdk.internal.reflect.NativeMethodAccessorImpl.invoke0(Native Method)
	at java.base/jdk.internal.reflect.NativeMethodAccessorImpl.invoke(NativeMethodAccessorImpl.java:62)
	at java.base/jdk.internal.reflect.DelegatingMethodAccessorImpl.invoke(DelegatingMethodAccessorImpl.java:43)
	at java.base/java.lang.reflect.Method.invoke(Method.java:564)
	at org.testng.internal.MethodInvocationHelper.invokeMethod(MethodInvocationHelper.java:135)
	at org.testng.internal.MethodInvocationHelper.invokeMethodConsideringTimeout(MethodInvocationHelper.java:64)
	at org.testng.internal.ConfigInvoker.invokeConfigurationMethod(ConfigInvoker.java:364)
	at org.testng.internal.ConfigInvoker.invokeConfigurations(ConfigInvoker.java:318)
	at org.testng.TestRunner.invokeTestConfigurations(TestRunner.java:620)
	at org.testng.TestRunner.beforeRun(TestRunner.java:610)
	at org.testng.TestRunner.run(TestRunner.java:581)
	at org.testng.SuiteRunner.runTest(SuiteRunner.java:384)
	at org.testng.SuiteRunner.runSequentially(SuiteRunner.java:378)
	at org.testng.SuiteRunner.privateRun(SuiteRunner.java:337)
	at org.testng.SuiteRunner.run(SuiteRunner.java:286)
	at org.testng.SuiteRunnerWorker.runSuite(SuiteRunnerWorker.java:53)
	at org.testng.SuiteRunnerWorker.run(SuiteRunnerWorker.java:96)
	at org.testng.TestNG.runSuitesSequentially(TestNG.java:1214)
	at org.testng.TestNG.runSuitesLocally(TestNG.java:1136)
	at org.testng.TestNG.runSuites(TestNG.java:1066)
	at org.testng.TestNG.run(TestNG.java:1034)
	at org.testng.remote.AbstractRemoteTestNG.run(AbstractRemoteTestNG.java:115)
	at org.testng.remote.RemoteTestNG.initAndRun(RemoteTestNG.java:251)
	at org.testng.remote.RemoteTestNG.main(RemoteTestNG.java:77)
2021-05-14 20:50:00,313 [main] DEBUG io.netty.util.internal.PlatformDependent0 - jdk.internal.misc.Unsafe.allocateUninitializedArray(int): unavailable
java.lang.IllegalAccessException: class io.netty.util.internal.PlatformDependent0$6 cannot access class jdk.internal.misc.Unsafe (in module java.base) because module java.base does not export jdk.internal.misc to unnamed module @6f10d5b6
	at java.base/jdk.internal.reflect.Reflection.newIllegalAccessException(Reflection.java:376)
	at java.base/java.lang.reflect.AccessibleObject.checkAccess(AccessibleObject.java:647)
	at java.base/java.lang.reflect.Method.invoke(Method.java:556)
	at io.netty.util.internal.PlatformDependent0$6.run(PlatformDependent0.java:352)
	at java.base/java.security.AccessController.doPrivileged(AccessController.java:312)
	at io.netty.util.internal.PlatformDependent0.<clinit>(PlatformDependent0.java:343)
	at io.netty.util.internal.PlatformDependent.isAndroid(PlatformDependent.java:293)
	at io.netty.util.internal.PlatformDependent.<clinit>(PlatformDependent.java:92)
	at io.netty.util.HashedWheelTimer.<init>(HashedWheelTimer.java:109)
	at io.netty.util.HashedWheelTimer.<init>(HashedWheelTimer.java:218)
	at io.netty.util.HashedWheelTimer.<init>(HashedWheelTimer.java:197)
	at org.asynchttpclient.DefaultAsyncHttpClient.newNettyTimer(DefaultAsyncHttpClient.java:111)
	at org.asynchttpclient.DefaultAsyncHttpClient.<init>(DefaultAsyncHttpClient.java:90)
	at org.asynchttpclient.Dsl.asyncHttpClient(Dsl.java:32)
	at org.openqa.selenium.remote.http.netty.NettyClient.<clinit>(NettyClient.java:42)
	at org.openqa.selenium.remote.http.netty.NettyClient$Factory.createClient(NettyClient.java:107)
	at org.openqa.selenium.remote.http.HttpClient$Factory.createClient(HttpClient.java:80)
	at org.openqa.selenium.remote.HttpCommandExecutor.<init>(HttpCommandExecutor.java:90)
	at org.openqa.selenium.remote.HttpCommandExecutor.<init>(HttpCommandExecutor.java:73)
	at org.openqa.selenium.remote.service.DriverCommandExecutor.<init>(DriverCommandExecutor.java:67)
	at org.openqa.selenium.chromium.ChromiumDriverCommandExecutor.<init>(ChromiumDriverCommandExecutor.java:78)
	at org.openqa.selenium.chrome.ChromeDriver.<init>(ChromeDriver.java:163)
	at org.openqa.selenium.chrome.ChromeDriver.<init>(ChromeDriver.java:150)
	at org.openqa.selenium.chrome.ChromeDriver.<init>(ChromeDriver.java:105)
	at org.shaaditest.resources.Base.initDriver(Base.java:43)
	at org.shaaditest.maven.GujaratishaadiRegistrationTest.initBrowser(GujaratishaadiRegistrationTest.java:30)
	at java.base/jdk.internal.reflect.NativeMethodAccessorImpl.invoke0(Native Method)
	at java.base/jdk.internal.reflect.NativeMethodAccessorImpl.invoke(NativeMethodAccessorImpl.java:62)
	at java.base/jdk.internal.reflect.DelegatingMethodAccessorImpl.invoke(DelegatingMethodAccessorImpl.java:43)
	at java.base/java.lang.reflect.Method.invoke(Method.java:564)
	at org.testng.internal.MethodInvocationHelper.invokeMethod(MethodInvocationHelper.java:135)
	at org.testng.internal.MethodInvocationHelper.invokeMethodConsideringTimeout(MethodInvocationHelper.java:64)
	at org.testng.internal.ConfigInvoker.invokeConfigurationMethod(ConfigInvoker.java:364)
	at org.testng.internal.ConfigInvoker.invokeConfigurations(ConfigInvoker.java:318)
	at org.testng.TestRunner.invokeTestConfigurations(TestRunner.java:620)
	at org.testng.TestRunner.beforeRun(TestRunner.java:610)
	at org.testng.TestRunner.run(TestRunner.java:581)
	at org.testng.SuiteRunner.runTest(SuiteRunner.java:384)
	at org.testng.SuiteRunner.runSequentially(SuiteRunner.java:378)
	at org.testng.SuiteRunner.privateRun(SuiteRunner.java:337)
	at org.testng.SuiteRunner.run(SuiteRunner.java:286)
	at org.testng.SuiteRunnerWorker.runSuite(SuiteRunnerWorker.java:53)
	at org.testng.SuiteRunnerWorker.run(SuiteRunnerWorker.java:96)
	at org.testng.TestNG.runSuitesSequentially(TestNG.java:1214)
	at org.testng.TestNG.runSuitesLocally(TestNG.java:1136)
	at org.testng.TestNG.runSuites(TestNG.java:1066)
	at org.testng.TestNG.run(TestNG.java:1034)
	at org.testng.remote.AbstractRemoteTestNG.run(AbstractRemoteTestNG.java:115)
	at org.testng.remote.RemoteTestNG.initAndRun(RemoteTestNG.java:251)
	at org.testng.remote.RemoteTestNG.main(RemoteTestNG.java:77)
2021-05-14 20:50:00,314 - io.netty.util.internal.PlatformDependent0 -DEBUG - java.nio.DirectByteBuffer.<init>(long, int): unavailable
2021-05-14 20:50:00,314 [main] DEBUG io.netty.util.internal.PlatformDependent0 - java.nio.DirectByteBuffer.<init>(long, int): unavailable
2021-05-14 20:50:00,314 - io.netty.util.internal.PlatformDependent -DEBUG - sun.misc.Unsafe: available
2021-05-14 20:50:00,314 [main] DEBUG io.netty.util.internal.PlatformDependent - sun.misc.Unsafe: available
2021-05-14 20:50:00,326 - io.netty.util.internal.PlatformDependent -DEBUG - maxDirectMemory: 2097152000 bytes (maybe)
2021-05-14 20:50:00,326 [main] DEBUG io.netty.util.internal.PlatformDependent - maxDirectMemory: 2097152000 bytes (maybe)
2021-05-14 20:50:00,328 - io.netty.util.internal.PlatformDependent -DEBUG - -Dio.netty.tmpdir: C:\Users\Akshay\AppData\Local\Temp (java.io.tmpdir)
2021-05-14 20:50:00,328 [main] DEBUG io.netty.util.internal.PlatformDependent - -Dio.netty.tmpdir: C:\Users\Akshay\AppData\Local\Temp (java.io.tmpdir)
2021-05-14 20:50:00,328 - io.netty.util.internal.PlatformDependent -DEBUG - -Dio.netty.bitMode: 64 (sun.arch.data.model)
2021-05-14 20:50:00,328 [main] DEBUG io.netty.util.internal.PlatformDependent - -Dio.netty.bitMode: 64 (sun.arch.data.model)
2021-05-14 20:50:00,329 - io.netty.util.internal.PlatformDependent -DEBUG - -Dio.netty.maxDirectMemory: -1 bytes
2021-05-14 20:50:00,329 [main] DEBUG io.netty.util.internal.PlatformDependent - -Dio.netty.maxDirectMemory: -1 bytes
2021-05-14 20:50:00,329 - io.netty.util.internal.PlatformDependent -DEBUG - -Dio.netty.uninitializedArrayAllocationThreshold: -1
2021-05-14 20:50:00,329 [main] DEBUG io.netty.util.internal.PlatformDependent - -Dio.netty.uninitializedArrayAllocationThreshold: -1
2021-05-14 20:50:00,330 - io.netty.util.internal.CleanerJava9 -DEBUG - java.nio.ByteBuffer.cleaner(): available
2021-05-14 20:50:00,330 [main] DEBUG io.netty.util.internal.CleanerJava9 - java.nio.ByteBuffer.cleaner(): available
2021-05-14 20:50:00,330 - io.netty.util.internal.PlatformDependent -DEBUG - -Dio.netty.noPreferDirect: false
2021-05-14 20:50:00,330 [main] DEBUG io.netty.util.internal.PlatformDependent - -Dio.netty.noPreferDirect: false
2021-05-14 20:50:00,337 - io.netty.util.internal.PlatformDependent -DEBUG - org.jctools-core.MpscChunkedArrayQueue: available
2021-05-14 20:50:00,337 [main] DEBUG io.netty.util.internal.PlatformDependent - org.jctools-core.MpscChunkedArrayQueue: available
2021-05-14 20:50:00,353 - io.netty.util.internal.InternalThreadLocalMap -DEBUG - -Dio.netty.threadLocalMap.stringBuilder.initialSize: 1024
2021-05-14 20:50:00,353 [main] DEBUG io.netty.util.internal.InternalThreadLocalMap - -Dio.netty.threadLocalMap.stringBuilder.initialSize: 1024
2021-05-14 20:50:00,354 - io.netty.util.internal.InternalThreadLocalMap -DEBUG - -Dio.netty.threadLocalMap.stringBuilder.maxSize: 4096
2021-05-14 20:50:00,354 [main] DEBUG io.netty.util.internal.InternalThreadLocalMap - -Dio.netty.threadLocalMap.stringBuilder.maxSize: 4096
2021-05-14 20:50:00,503 - io.netty.handler.ssl.JdkSslContext -DEBUG - Default protocols (JDK): [TLSv1.2, TLSv1.1, TLSv1] 
2021-05-14 20:50:00,503 [main] DEBUG io.netty.handler.ssl.JdkSslContext - Default protocols (JDK): [TLSv1.2, TLSv1.1, TLSv1] 
2021-05-14 20:50:00,503 - io.netty.handler.ssl.JdkSslContext -DEBUG - Default cipher suites (JDK): [TLS_ECDHE_ECDSA_WITH_AES_256_GCM_SHA384, TLS_ECDHE_ECDSA_WITH_AES_128_GCM_SHA256, TLS_ECDHE_RSA_WITH_AES_128_GCM_SHA256, TLS_ECDHE_RSA_WITH_AES_256_GCM_SHA384, TLS_ECDHE_RSA_WITH_AES_128_CBC_SHA, TLS_ECDHE_RSA_WITH_AES_256_CBC_SHA, TLS_RSA_WITH_AES_128_GCM_SHA256, TLS_RSA_WITH_AES_128_CBC_SHA, TLS_RSA_WITH_AES_256_CBC_SHA, TLS_AES_128_GCM_SHA256, TLS_AES_256_GCM_SHA384]
2021-05-14 20:50:00,503 [main] DEBUG io.netty.handler.ssl.JdkSslContext - Default cipher suites (JDK): [TLS_ECDHE_ECDSA_WITH_AES_256_GCM_SHA384, TLS_ECDHE_ECDSA_WITH_AES_128_GCM_SHA256, TLS_ECDHE_RSA_WITH_AES_128_GCM_SHA256, TLS_ECDHE_RSA_WITH_AES_256_GCM_SHA384, TLS_ECDHE_RSA_WITH_AES_128_CBC_SHA, TLS_ECDHE_RSA_WITH_AES_256_CBC_SHA, TLS_RSA_WITH_AES_128_GCM_SHA256, TLS_RSA_WITH_AES_128_CBC_SHA, TLS_RSA_WITH_AES_256_CBC_SHA, TLS_AES_128_GCM_SHA256, TLS_AES_256_GCM_SHA384]
2021-05-14 20:50:00,524 - io.netty.channel.MultithreadEventLoopGroup -DEBUG - -Dio.netty.eventLoopThreads: 16
2021-05-14 20:50:00,524 [main] DEBUG io.netty.channel.MultithreadEventLoopGroup - -Dio.netty.eventLoopThreads: 16
2021-05-14 20:50:00,531 - io.netty.channel.nio.NioEventLoop -DEBUG - -Dio.netty.noKeySetOptimization: false
2021-05-14 20:50:00,531 [main] DEBUG io.netty.channel.nio.NioEventLoop - -Dio.netty.noKeySetOptimization: false
2021-05-14 20:50:00,531 - io.netty.channel.nio.NioEventLoop -DEBUG - -Dio.netty.selectorAutoRebuildThreshold: 512
2021-05-14 20:50:00,531 [main] DEBUG io.netty.channel.nio.NioEventLoop - -Dio.netty.selectorAutoRebuildThreshold: 512
2021-05-14 20:50:00,541 - io.netty.channel.nio.NioEventLoop -TRACE - instrumented a special java.util.Set into: sun.nio.ch.WindowsSelectorImpl@1941a8ff
2021-05-14 20:50:00,541 [main] TRACE io.netty.channel.nio.NioEventLoop - instrumented a special java.util.Set into: sun.nio.ch.WindowsSelectorImpl@1941a8ff
2021-05-14 20:50:00,542 - io.netty.channel.nio.NioEventLoop -TRACE - instrumented a special java.util.Set into: sun.nio.ch.WindowsSelectorImpl@33fe57a9
2021-05-14 20:50:00,542 [main] TRACE io.netty.channel.nio.NioEventLoop - instrumented a special java.util.Set into: sun.nio.ch.WindowsSelectorImpl@33fe57a9
2021-05-14 20:50:00,543 - io.netty.channel.nio.NioEventLoop -TRACE - instrumented a special java.util.Set into: sun.nio.ch.WindowsSelectorImpl@4982cc36
2021-05-14 20:50:00,543 [main] TRACE io.netty.channel.nio.NioEventLoop - instrumented a special java.util.Set into: sun.nio.ch.WindowsSelectorImpl@4982cc36
2021-05-14 20:50:00,544 - io.netty.channel.nio.NioEventLoop -TRACE - instrumented a special java.util.Set into: sun.nio.ch.WindowsSelectorImpl@691939c9
2021-05-14 20:50:00,544 [main] TRACE io.netty.channel.nio.NioEventLoop - instrumented a special java.util.Set into: sun.nio.ch.WindowsSelectorImpl@691939c9
2021-05-14 20:50:00,545 - io.netty.channel.nio.NioEventLoop -TRACE - instrumented a special java.util.Set into: sun.nio.ch.WindowsSelectorImpl@4f1bfe23
2021-05-14 20:50:00,545 [main] TRACE io.netty.channel.nio.NioEventLoop - instrumented a special java.util.Set into: sun.nio.ch.WindowsSelectorImpl@4f1bfe23
2021-05-14 20:50:00,546 - io.netty.channel.nio.NioEventLoop -TRACE - instrumented a special java.util.Set into: sun.nio.ch.WindowsSelectorImpl@e19bb76
2021-05-14 20:50:00,546 [main] TRACE io.netty.channel.nio.NioEventLoop - instrumented a special java.util.Set into: sun.nio.ch.WindowsSelectorImpl@e19bb76
2021-05-14 20:50:00,547 - io.netty.channel.nio.NioEventLoop -TRACE - instrumented a special java.util.Set into: sun.nio.ch.WindowsSelectorImpl@512535ff
2021-05-14 20:50:00,547 [main] TRACE io.netty.channel.nio.NioEventLoop - instrumented a special java.util.Set into: sun.nio.ch.WindowsSelectorImpl@512535ff
2021-05-14 20:50:00,547 - io.netty.channel.nio.NioEventLoop -TRACE - instrumented a special java.util.Set into: sun.nio.ch.WindowsSelectorImpl@71529963
2021-05-14 20:50:00,547 [main] TRACE io.netty.channel.nio.NioEventLoop - instrumented a special java.util.Set into: sun.nio.ch.WindowsSelectorImpl@71529963
2021-05-14 20:50:00,549 - io.netty.channel.nio.NioEventLoop -TRACE - instrumented a special java.util.Set into: sun.nio.ch.WindowsSelectorImpl@61a88b8c
2021-05-14 20:50:00,549 [main] TRACE io.netty.channel.nio.NioEventLoop - instrumented a special java.util.Set into: sun.nio.ch.WindowsSelectorImpl@61a88b8c
2021-05-14 20:50:00,550 - io.netty.channel.nio.NioEventLoop -TRACE - instrumented a special java.util.Set into: sun.nio.ch.WindowsSelectorImpl@22295ec4
2021-05-14 20:50:00,550 [main] TRACE io.netty.channel.nio.NioEventLoop - instrumented a special java.util.Set into: sun.nio.ch.WindowsSelectorImpl@22295ec4
2021-05-14 20:50:00,551 - io.netty.channel.nio.NioEventLoop -TRACE - instrumented a special java.util.Set into: sun.nio.ch.WindowsSelectorImpl@5adb0db3
2021-05-14 20:50:00,551 [main] TRACE io.netty.channel.nio.NioEventLoop - instrumented a special java.util.Set into: sun.nio.ch.WindowsSelectorImpl@5adb0db3
2021-05-14 20:50:00,552 - io.netty.channel.nio.NioEventLoop -TRACE - instrumented a special java.util.Set into: sun.nio.ch.WindowsSelectorImpl@3f270e0a
2021-05-14 20:50:00,552 [main] TRACE io.netty.channel.nio.NioEventLoop - instrumented a special java.util.Set into: sun.nio.ch.WindowsSelectorImpl@3f270e0a
2021-05-14 20:50:00,552 - io.netty.channel.nio.NioEventLoop -TRACE - instrumented a special java.util.Set into: sun.nio.ch.WindowsSelectorImpl@1a760689
2021-05-14 20:50:00,552 [main] TRACE io.netty.channel.nio.NioEventLoop - instrumented a special java.util.Set into: sun.nio.ch.WindowsSelectorImpl@1a760689
2021-05-14 20:50:00,553 - io.netty.channel.nio.NioEventLoop -TRACE - instrumented a special java.util.Set into: sun.nio.ch.WindowsSelectorImpl@7241a47d
2021-05-14 20:50:00,553 [main] TRACE io.netty.channel.nio.NioEventLoop - instrumented a special java.util.Set into: sun.nio.ch.WindowsSelectorImpl@7241a47d
2021-05-14 20:50:00,554 - io.netty.channel.nio.NioEventLoop -TRACE - instrumented a special java.util.Set into: sun.nio.ch.WindowsSelectorImpl@70f59913
2021-05-14 20:50:00,554 [main] TRACE io.netty.channel.nio.NioEventLoop - instrumented a special java.util.Set into: sun.nio.ch.WindowsSelectorImpl@70f59913
2021-05-14 20:50:00,555 - io.netty.channel.nio.NioEventLoop -TRACE - instrumented a special java.util.Set into: sun.nio.ch.WindowsSelectorImpl@77258e59
2021-05-14 20:50:00,555 [main] TRACE io.netty.channel.nio.NioEventLoop - instrumented a special java.util.Set into: sun.nio.ch.WindowsSelectorImpl@77258e59
2021-05-14 20:50:00,574 - io.netty.buffer.PooledByteBufAllocator -DEBUG - -Dio.netty.allocator.numHeapArenas: 16
2021-05-14 20:50:00,574 [main] DEBUG io.netty.buffer.PooledByteBufAllocator - -Dio.netty.allocator.numHeapArenas: 16
2021-05-14 20:50:00,575 - io.netty.buffer.PooledByteBufAllocator -DEBUG - -Dio.netty.allocator.numDirectArenas: 16
2021-05-14 20:50:00,575 [main] DEBUG io.netty.buffer.PooledByteBufAllocator - -Dio.netty.allocator.numDirectArenas: 16
2021-05-14 20:50:00,575 - io.netty.buffer.PooledByteBufAllocator -DEBUG - -Dio.netty.allocator.pageSize: 8192
2021-05-14 20:50:00,575 [main] DEBUG io.netty.buffer.PooledByteBufAllocator - -Dio.netty.allocator.pageSize: 8192
2021-05-14 20:50:00,575 - io.netty.buffer.PooledByteBufAllocator -DEBUG - -Dio.netty.allocator.maxOrder: 11
2021-05-14 20:50:00,575 [main] DEBUG io.netty.buffer.PooledByteBufAllocator - -Dio.netty.allocator.maxOrder: 11
2021-05-14 20:50:00,575 - io.netty.buffer.PooledByteBufAllocator -DEBUG - -Dio.netty.allocator.chunkSize: 16777216
2021-05-14 20:50:00,575 [main] DEBUG io.netty.buffer.PooledByteBufAllocator - -Dio.netty.allocator.chunkSize: 16777216
2021-05-14 20:50:00,576 - io.netty.buffer.PooledByteBufAllocator -DEBUG - -Dio.netty.allocator.smallCacheSize: 256
2021-05-14 20:50:00,576 [main] DEBUG io.netty.buffer.PooledByteBufAllocator - -Dio.netty.allocator.smallCacheSize: 256
2021-05-14 20:50:00,576 - io.netty.buffer.PooledByteBufAllocator -DEBUG - -Dio.netty.allocator.normalCacheSize: 64
2021-05-14 20:50:00,576 [main] DEBUG io.netty.buffer.PooledByteBufAllocator - -Dio.netty.allocator.normalCacheSize: 64
2021-05-14 20:50:00,576 - io.netty.buffer.PooledByteBufAllocator -DEBUG - -Dio.netty.allocator.maxCachedBufferCapacity: 32768
2021-05-14 20:50:00,576 [main] DEBUG io.netty.buffer.PooledByteBufAllocator - -Dio.netty.allocator.maxCachedBufferCapacity: 32768
2021-05-14 20:50:00,576 - io.netty.buffer.PooledByteBufAllocator -DEBUG - -Dio.netty.allocator.cacheTrimInterval: 8192
2021-05-14 20:50:00,576 [main] DEBUG io.netty.buffer.PooledByteBufAllocator - -Dio.netty.allocator.cacheTrimInterval: 8192
2021-05-14 20:50:00,577 - io.netty.buffer.PooledByteBufAllocator -DEBUG - -Dio.netty.allocator.cacheTrimIntervalMillis: 0
2021-05-14 20:50:00,577 [main] DEBUG io.netty.buffer.PooledByteBufAllocator - -Dio.netty.allocator.cacheTrimIntervalMillis: 0
2021-05-14 20:50:00,577 - io.netty.buffer.PooledByteBufAllocator -DEBUG - -Dio.netty.allocator.useCacheForAllThreads: true
2021-05-14 20:50:00,577 [main] DEBUG io.netty.buffer.PooledByteBufAllocator - -Dio.netty.allocator.useCacheForAllThreads: true
2021-05-14 20:50:00,577 - io.netty.buffer.PooledByteBufAllocator -DEBUG - -Dio.netty.allocator.maxCachedByteBuffersPerChunk: 1023
2021-05-14 20:50:00,577 [main] DEBUG io.netty.buffer.PooledByteBufAllocator - -Dio.netty.allocator.maxCachedByteBuffersPerChunk: 1023
2021-05-14 20:50:00,587 - io.netty.buffer.ByteBufUtil -DEBUG - -Dio.netty.allocator.type: pooled
2021-05-14 20:50:00,587 [main] DEBUG io.netty.buffer.ByteBufUtil - -Dio.netty.allocator.type: pooled
2021-05-14 20:50:00,587 - io.netty.buffer.ByteBufUtil -DEBUG - -Dio.netty.threadLocalDirectBufferSize: 0
2021-05-14 20:50:00,587 [main] DEBUG io.netty.buffer.ByteBufUtil - -Dio.netty.threadLocalDirectBufferSize: 0
2021-05-14 20:50:00,588 - io.netty.buffer.ByteBufUtil -DEBUG - -Dio.netty.maxThreadLocalCharBufferSize: 16384
2021-05-14 20:50:00,588 [main] DEBUG io.netty.buffer.ByteBufUtil - -Dio.netty.maxThreadLocalCharBufferSize: 16384
2021-05-14 20:50:01,404 - io.netty.channel.DefaultChannelId -DEBUG - -Dio.netty.processId: 9060 (auto-detected)
2021-05-14 20:50:01,404 [Forwarding newSession on session null to remote] DEBUG io.netty.channel.DefaultChannelId - -Dio.netty.processId: 9060 (auto-detected)
2021-05-14 20:50:01,407 - io.netty.util.NetUtil -DEBUG - -Djava.net.preferIPv4Stack: false
2021-05-14 20:50:01,407 [Forwarding newSession on session null to remote] DEBUG io.netty.util.NetUtil - -Djava.net.preferIPv4Stack: false
2021-05-14 20:50:01,407 - io.netty.util.NetUtil -DEBUG - -Djava.net.preferIPv6Addresses: false
2021-05-14 20:50:01,407 [Forwarding newSession on session null to remote] DEBUG io.netty.util.NetUtil - -Djava.net.preferIPv6Addresses: false
2021-05-14 20:50:01,420 - io.netty.util.NetUtil -DEBUG - Loopback interface: lo (Software Loopback Interface 1, 127.0.0.1)
2021-05-14 20:50:01,420 [Forwarding newSession on session null to remote] DEBUG io.netty.util.NetUtil - Loopback interface: lo (Software Loopback Interface 1, 127.0.0.1)
2021-05-14 20:50:01,421 - io.netty.util.NetUtil -DEBUG - Failed to get SOMAXCONN from sysctl and file \proc\sys\net\core\somaxconn. Default: 200
2021-05-14 20:50:01,421 [Forwarding newSession on session null to remote] DEBUG io.netty.util.NetUtil - Failed to get SOMAXCONN from sysctl and file \proc\sys\net\core\somaxconn. Default: 200
2021-05-14 20:50:01,442 - io.netty.channel.DefaultChannelId -DEBUG - -Dio.netty.machineId: 70:66:55:ff:fe:0e:77:25 (auto-detected)
2021-05-14 20:50:01,442 [Forwarding newSession on session null to remote] DEBUG io.netty.channel.DefaultChannelId - -Dio.netty.machineId: 70:66:55:ff:fe:0e:77:25 (auto-detected)
2021-05-14 20:50:01,500 - io.netty.buffer.AbstractByteBuf -DEBUG - -Dio.netty.buffer.checkAccessible: true
2021-05-14 20:50:01,500 [AsyncHttpClient-1-2] DEBUG io.netty.buffer.AbstractByteBuf - -Dio.netty.buffer.checkAccessible: true
2021-05-14 20:50:01,502 - io.netty.buffer.AbstractByteBuf -DEBUG - -Dio.netty.buffer.checkBounds: true
2021-05-14 20:50:01,502 [AsyncHttpClient-1-2] DEBUG io.netty.buffer.AbstractByteBuf - -Dio.netty.buffer.checkBounds: true
2021-05-14 20:50:01,502 - io.netty.util.ResourceLeakDetectorFactory -DEBUG - Loaded default ResourceLeakDetector: io.netty.util.ResourceLeakDetector@17e82839
2021-05-14 20:50:01,502 [AsyncHttpClient-1-2] DEBUG io.netty.util.ResourceLeakDetectorFactory - Loaded default ResourceLeakDetector: io.netty.util.ResourceLeakDetector@17e82839
2021-05-14 20:50:01,528 - io.netty.util.Recycler -DEBUG - -Dio.netty.recycler.maxCapacityPerThread: 4096
2021-05-14 20:50:01,528 [AsyncHttpClient-1-2] DEBUG io.netty.util.Recycler - -Dio.netty.recycler.maxCapacityPerThread: 4096
2021-05-14 20:50:01,528 - io.netty.util.Recycler -DEBUG - -Dio.netty.recycler.maxSharedCapacityFactor: 2
2021-05-14 20:50:01,528 [AsyncHttpClient-1-2] DEBUG io.netty.util.Recycler - -Dio.netty.recycler.maxSharedCapacityFactor: 2
2021-05-14 20:50:01,528 - io.netty.util.Recycler -DEBUG - -Dio.netty.recycler.linkCapacity: 16
2021-05-14 20:50:01,528 [AsyncHttpClient-1-2] DEBUG io.netty.util.Recycler - -Dio.netty.recycler.linkCapacity: 16
2021-05-14 20:50:01,529 - io.netty.util.Recycler -DEBUG - -Dio.netty.recycler.ratio: 8
2021-05-14 20:50:01,529 [AsyncHttpClient-1-2] DEBUG io.netty.util.Recycler - -Dio.netty.recycler.ratio: 8
2021-05-14 20:50:01,529 - io.netty.util.Recycler -DEBUG - -Dio.netty.recycler.delayedQueue.ratio: 8
2021-05-14 20:50:01,529 [AsyncHttpClient-1-2] DEBUG io.netty.util.Recycler - -Dio.netty.recycler.delayedQueue.ratio: 8
2021-05-14 20:50:02,367 - io.netty.util.internal.ThreadLocalRandom -DEBUG - -Dio.netty.initialSeedUniquifier: 0xfd98e8107831abd3
2021-05-14 20:50:02,367 [main] DEBUG io.netty.util.internal.ThreadLocalRandom - -Dio.netty.initialSeedUniquifier: 0xfd98e8107831abd3
2021-05-14 20:50:02,447 - org.shaaditest.resources.Base -INFO - Driver Initialized:chrome
2021-05-14 20:50:02,447 [main] INFO org.shaaditest.resources.Base - Driver Initialized:chrome
2021-05-14 20:50:02,627 - org.shaaditest.resources.Base -INFO - Reading Base URL from Cell Value:https://www.gujaratishaadi.com
2021-05-14 20:50:02,627 [main] INFO org.shaaditest.resources.Base - Reading Base URL from Cell Value:https://www.gujaratishaadi.com
2021-05-14 20:50:21,982 - org.shaaditest.resources.Base -INFO - URL Opened by driver:https://www.gujaratishaadi.com/
2021-05-14 20:50:21,982 [main] INFO org.shaaditest.resources.Base - URL Opened by driver:https://www.gujaratishaadi.com/
2021-05-14 20:50:22,002 - org.shaaditest.resources.Base -INFO - Test Class Object instantiated.
2021-05-14 20:50:22,002 [main] INFO org.shaaditest.resources.Base - Test Class Object instantiated.
2021-05-14 20:50:22,081 - org.shaaditest.resources.Base -INFO - Clicked on Let's Begin Button.
2021-05-14 20:50:22,081 [main] INFO org.shaaditest.resources.Base - Clicked on Let's Begin Button.
2021-05-14 20:50:25,274 - org.shaaditest.resources.Base -INFO - Enetered Email ID
2021-05-14 20:50:25,274 [main] INFO org.shaaditest.resources.Base - Enetered Email ID
2021-05-14 20:50:25,352 - org.shaaditest.resources.Base -INFO - Enetered Password
2021-05-14 20:50:25,352 [main] INFO org.shaaditest.resources.Base - Enetered Password
2021-05-14 20:50:25,398 - org.shaaditest.resources.Base -INFO - Clicked on Profile Type Drop Down
2021-05-14 20:50:25,398 [main] INFO org.shaaditest.resources.Base - Clicked on Profile Type Drop Down
2021-05-14 20:50:25,398 - org.shaaditest.resources.Base -INFO - Clicked on Profile Type Drop Down
2021-05-14 20:50:25,398 [main] INFO org.shaaditest.resources.Base - Clicked on Profile Type Drop Down
2021-05-14 20:50:25,476 - org.shaaditest.resources.Base -INFO - Profiletype Selected
2021-05-14 20:50:25,476 [main] INFO org.shaaditest.resources.Base - Profiletype Selected
2021-05-14 20:50:25,536 - org.shaaditest.resources.Base -INFO - Selected Gender: Male
2021-05-14 20:50:25,536 [main] INFO org.shaaditest.resources.Base - Selected Gender: Male
2021-05-14 20:50:25,591 - org.shaaditest.resources.Base -INFO - Clicked on Next Button
2021-05-14 20:50:25,591 [main] INFO org.shaaditest.resources.Base - Clicked on Next Button
2021-05-14 20:50:39,823 - org.shaaditest.resources.Base -INFO - Web Page Closed
2021-05-14 20:50:39,823 [main] INFO org.shaaditest.resources.Base - Web Page Closed
2021-05-14 20:50:39,944 - io.netty.buffer.PoolThreadCache -DEBUG - Freed 3 thread-local buffer(s) from thread: AsyncHttpClient-1-4
2021-05-14 20:50:39,944 [AsyncHttpClient-1-4] DEBUG io.netty.buffer.PoolThreadCache - Freed 3 thread-local buffer(s) from thread: AsyncHttpClient-1-4
2021-05-14 20:50:39,944 - io.netty.buffer.PoolThreadCache -DEBUG - Freed 2 thread-local buffer(s) from thread: AsyncHttpClient-1-3
2021-05-14 20:50:39,944 [AsyncHttpClient-1-3] DEBUG io.netty.buffer.PoolThreadCache - Freed 2 thread-local buffer(s) from thread: AsyncHttpClient-1-3
